app/build/outputs/logs/manifest-merger-debug-report.txt
-- Merging decision tree log ---
manifest
ADDED from src/main/AndroidManifest.xml:2:1-262:12
INJECTED from src/main/AndroidManifest.xml:2:1-262:12
INJECTED from src/main/AndroidManifest.xml:2:1-262:12
INJECTED from src/main/AndroidManifest.xml:2:1-262:12
MERGED from [com.android.support:design:28.0.0-rc01] AndroidManifest.xml:17:1-24:12
MERGED from [com.github.hackware1993:MagicIndicator:1.5.0] AndroidManifest.xml:2:1-12:12
MERGED from [com.android.support:appcompat-v7:28.0.0-rc01] AndroidManifest.xml:17:1-22:12
MERGED from [com.github.itsmechlark.android-sliding-menu:android-sliding-menu:1.0.1] AndroidManifest.xml:2:1-10:12
MERGED from [com.loopeer.android.thirdparty.pulltorefresh:Android-PullToRefresh:2.1.1] AndroidManifest.xml:2:1-11:12
MERGED from [com.android.support:support-v4:28.0.0-rc01] AndroidManifest.xml:17:1-22:12
MERGED from [com.android.support.constraint:constraint-layout:1.1.2] AndroidManifest.xml:2:1-11:12
MERGED from [com.android.support:support-fragment:28.0.0-rc01] AndroidManifest.xml:17:1-22:12
MERGED from [com.android.support:recyclerview-v7:28.0.0-rc01] AndroidManifest.xml:17:1-22:12
MERGED from [com.android.support:animated-vector-drawable:28.0.0-rc01] AndroidManifest.xml:17:1-22:12
MERGED from [com.android.support:support-core-ui:28.0.0-rc01] AndroidManifest.xml:17:1-22:12
MERGED from [com.android.support:support-core-utils:28.0.0-rc01] AndroidManifest.xml:17:1-22:12
MERGED from [com.android.support:transition:28.0.0-rc01] AndroidManifest.xml:17:1-22:12
MERGED from [com.android.support:loader:28.0.0-rc01] AndroidManifest.xml:17:1-22:12
MERGED from [com.android.support:viewpager:28.0.0-rc01] AndroidManifest.xml:17:1-22:12
MERGED from [com.android.support:coordinatorlayout:28.0.0-rc01] AndroidManifest.xml:17:1-22:12
MERGED from [com.android.support:drawerlayout:28.0.0-rc01] AndroidManifest.xml:17:1-22:12
MERGED from [com.android.support:slidingpanelayout:28.0.0-rc01] AndroidManifest.xml:17:1-22:12
MERGED from [com.android.support:customview:28.0.0-rc01] AndroidManifest.xml:17:1-22:12
MERGED from [com.android.support:swiperefreshlayout:28.0.0-rc01] AndroidManifest.xml:17:1-22:12
MERGED from [com.android.support:asynclayoutinflater:28.0.0-rc01] AndroidManifest.xml:17:1-22:12
MERGED from [com.android.support:support-media-compat:28.0.0-rc01] AndroidManifest.xml:17:1-22:12
MERGED from [com.android.support:support-vector-drawable:28.0.0-rc01] AndroidManifest.xml:17:1-22:12
MERGED from [com.android.support:support-compat:28.0.0-rc01] AndroidManifest.xml:17:1-24:12
MERGED from [com.android.support:versionedparcelable:28.0.0-rc01] AndroidManifest.xml:17:1-25:12
MERGED from [com.android.support:cardview-v7:28.0.0-rc01] AndroidManifest.xml:17:1-22:12
MERGED from [android.arch.lifecycle:runtime:1.1.1] AndroidManifest.xml:17:1-22:12
MERGED from [com.android.support:documentfile:28.0.0-rc01] AndroidManifest.xml:17:1-22:12
MERGED from [com.android.support:localbroadcastmanager:28.0.0-rc01] AndroidManifest.xml:17:1-22:12
MERGED from [com.android.support:print:28.0.0-rc01] AndroidManifest.xml:17:1-22:12
MERGED from [android.arch.lifecycle:viewmodel:1.1.1] AndroidManifest.xml:17:1-22:12
MERGED from [com.android.support:interpolator:28.0.0-rc01] AndroidManifest.xml:17:1-22:12
MERGED from [com.android.support:cursoradapter:28.0.0-rc01] AndroidManifest.xml:17:1-22:12
MERGED from [android.arch.lifecycle:livedata-core:1.1.1] AndroidManifest.xml:17:1-22:12
MERGED from [android.arch.core:runtime:1.1.1] AndroidManifest.xml:17:1-22:12
INJECTED from src/main/AndroidManifest.xml:2:1-262:12
INJECTED from src/main/AndroidManifest.xml:2:1-262:12
INJECTED from src/main/AndroidManifest.xml:2:1-262:12
	package
		ADDED from src/main/AndroidManifest.xml:4:5-30
		INJECTED from src/main/AndroidManifest.xml
		INJECTED from src/main/AndroidManifest.xml
	android:versionName
		INJECTED from src/main/AndroidManifest.xml
		ADDED from src/main/AndroidManifest.xml:2:1-262:12
		INJECTED from src/main/AndroidManifest.xml
	xmlns:tools
		ADDED from src/main/AndroidManifest.xml:3:5-51
	android:versionCode
		INJECTED from src/main/AndroidManifest.xml
		ADDED from src/main/AndroidManifest.xml:2:1-262:12
		INJECTED from src/main/AndroidManifest.xml
	xmlns:android
		ADDED from src/main/AndroidManifest.xml:2:11-69
uses-permission#android.permission.READ_CONTACTS
ADDED from src/main/AndroidManifest.xml:7:5-72
	android:name
		ADDED from src/main/AndroidManifest.xml:7:22-69
uses-permission#android.permission.RECORD_AUDIO
ADDED from src/main/AndroidManifest.xml:11:5-71
	android:name
		ADDED from src/main/AndroidManifest.xml:11:22-68
uses-permission#android.permission.WRITE_EXTERNAL_STORAGE
ADDED from src/main/AndroidManifest.xml:13:5-81
	android:name
		ADDED from src/main/AndroidManifest.xml:13:22-78
uses-permission#android.permission.READ_EXTERNAL_STORAGE
ADDED from src/main/AndroidManifest.xml:14:5-80
	android:name
		ADDED from src/main/AndroidManifest.xml:14:22-77
uses-permission#android.permission.READ_PHONE_STATE
ADDED from src/main/AndroidManifest.xml:16:5-75
	android:name
		ADDED from src/main/AndroidManifest.xml:16:22-72
uses-permission#android.permission.CALL_PHONE
ADDED from src/main/AndroidManifest.xml:18:5-69
	android:name
		ADDED from src/main/AndroidManifest.xml:18:22-66
uses-permission#android.permission.SEND_SMS
ADDED from src/main/AndroidManifest.xml:20:5-67
	android:name
		ADDED from src/main/AndroidManifest.xml:20:22-64
uses-permission#android.permission.RECEIVE_SMS
ADDED from src/main/AndroidManifest.xml:22:5-70
	android:name
		ADDED from src/main/AndroidManifest.xml:22:22-67
uses-permission#android.permission.READ_SMS
ADDED from src/main/AndroidManifest.xml:24:5-67
	android:name
		ADDED from src/main/AndroidManifest.xml:24:22-64
uses-permission#android.permission.INTERNET
ADDED from src/main/AndroidManifest.xml:26:5-67
	android:name
		ADDED from src/main/AndroidManifest.xml:26:22-64
uses-permission#android.permission.VIBRATE
ADDED from src/main/AndroidManifest.xml:28:5-66
	android:name
		ADDED from src/main/AndroidManifest.xml:28:22-63
uses-permission#android.permission.WAKE_LOCK
ADDED from src/main/AndroidManifest.xml:30:5-68
	android:name
		ADDED from src/main/AndroidManifest.xml:30:22-65
uses-permission#android.permission.REQUEST_INSTALL_PACKAGES
ADDED from src/main/AndroidManifest.xml:32:5-83
	android:name
		ADDED from src/main/AndroidManifest.xml:32:22-80
uses-permission#android.permission.PROCESS_OUTGOING_CALLS
ADDED from src/main/AndroidManifest.xml:34:5-81
	android:name
		ADDED from src/main/AndroidManifest.xml:34:22-78
uses-permission#android.permission.RECEIVE_BOOT_COMPLETED
ADDED from src/main/AndroidManifest.xml:36:5-81
	android:name
		ADDED from src/main/AndroidManifest.xml:36:22-78
uses-permission#android.permission.REBOOT
ADDED from src/main/AndroidManifest.xml:38:5-65
	android:name
		ADDED from src/main/AndroidManifest.xml:38:22-62
application
ADDED from src/main/AndroidManifest.xml:40:5-260:19
MERGED from [com.android.support:design:28.0.0-rc01] AndroidManifest.xml:22:5-20
MERGED from [com.android.support:design:28.0.0-rc01] AndroidManifest.xml:22:5-20
MERGED from [com.github.itsmechlark.android-sliding-menu:android-sliding-menu:1.0.1] AndroidManifest.xml:6:5-8:19
MERGED from [com.github.itsmechlark.android-sliding-menu:android-sliding-menu:1.0.1] AndroidManifest.xml:6:5-8:19
MERGED from [com.loopeer.android.thirdparty.pulltorefresh:Android-PullToRefresh:2.1.1] AndroidManifest.xml:9:5-20
MERGED from [com.loopeer.android.thirdparty.pulltorefresh:Android-PullToRefresh:2.1.1] AndroidManifest.xml:9:5-20
MERGED from [com.android.support.constraint:constraint-layout:1.1.2] AndroidManifest.xml:9:5-20
MERGED from [com.android.support.constraint:constraint-layout:1.1.2] AndroidManifest.xml:9:5-20
MERGED from [com.android.support:support-compat:28.0.0-rc01] AndroidManifest.xml:22:5-94
MERGED from [com.android.support:support-compat:28.0.0-rc01] AndroidManifest.xml:22:5-94
MERGED from [com.android.support:versionedparcelable:28.0.0-rc01] AndroidManifest.xml:22:5-23:19
MERGED from [com.android.support:versionedparcelable:28.0.0-rc01] AndroidManifest.xml:22:5-23:19
	android:appComponentFactory
		ADDED from [com.android.support:support-compat:28.0.0-rc01] AndroidManifest.xml:22:18-91
	android:supportsRtl
		ADDED from src/main/AndroidManifest.xml:45:9-35
	android:label
		ADDED from src/main/AndroidManifest.xml:43:9-41
		REJECTED from [com.github.itsmechlark.android-sliding-menu:android-sliding-menu:1.0.1] AndroidManifest.xml:6:82-109
	android:roundIcon
		ADDED from src/main/AndroidManifest.xml:44:9-54
	android:icon
		ADDED from src/main/AndroidManifest.xml:42:9-43
		REJECTED from [com.github.itsmechlark.android-sliding-menu:android-sliding-menu:1.0.1] AndroidManifest.xml:6:45-81
	android:allowBackup
		ADDED from src/main/AndroidManifest.xml:41:9-35
	android:theme
		ADDED from src/main/AndroidManifest.xml:46:9-40
	tools:replace
		ADDED from src/main/AndroidManifest.xml:47:9-35
activity#com.androidTest.main.MainActivity
ADDED from src/main/AndroidManifest.xml:48:9-54:20
	android:name
		ADDED from src/main/AndroidManifest.xml:48:19-52
intent-filter#action:name:android.intent.action.MAIN+category:name:android.intent.category.LAUNCHER
ADDED from src/main/AndroidManifest.xml:49:13-53:29
action#android.intent.action.MAIN
ADDED from src/main/AndroidManifest.xml:50:17-69
	android:name
		ADDED from src/main/AndroidManifest.xml:50:25-66
category#android.intent.category.LAUNCHER
ADDED from src/main/AndroidManifest.xml:52:17-77
	android:name
		ADDED from src/main/AndroidManifest.xml:52:27-74
activity#com.androidTest.controls.AlertDialogActivity
ADDED from src/main/AndroidManifest.xml:57:9-66
	android:name
		ADDED from src/main/AndroidManifest.xml:57:19-63
activity#com.androidTest.controls.AutoCompleteTextViewActivity
ADDED from src/main/AndroidManifest.xml:58:9-75
	android:name
		ADDED from src/main/AndroidManifest.xml:58:19-72
activity#com.androidTest.controls.ButtonTestActivity
ADDED from src/main/AndroidManifest.xml:59:9-65
	android:name
		ADDED from src/main/AndroidManifest.xml:59:19-62
activity#com.androidTest.controls.DatePickerActivity
ADDED from src/main/AndroidManifest.xml:60:9-65
	android:name
		ADDED from src/main/AndroidManifest.xml:60:19-62
activity#com.androidTest.controls.DrawerLayoutActivity
ADDED from src/main/AndroidManifest.xml:61:9-67
	android:name
		ADDED from src/main/AndroidManifest.xml:61:19-64
activity#com.androidTest.controls.EditTextActivity
ADDED from src/main/AndroidManifest.xml:62:9-63
	android:name
		ADDED from src/main/AndroidManifest.xml:62:19-60
activity#com.androidTest.controls.GalleryActivity
ADDED from src/main/AndroidManifest.xml:63:9-62
	android:name
		ADDED from src/main/AndroidManifest.xml:63:19-59
activity#com.androidTest.controls.GridViewActivity
ADDED from src/main/AndroidManifest.xml:64:9-63
	android:name
		ADDED from src/main/AndroidManifest.xml:64:19-60
activity#com.androidTest.controls.ImageViewActivity
ADDED from src/main/AndroidManifest.xml:65:9-64
	android:name
		ADDED from src/main/AndroidManifest.xml:65:19-61
activity#com.androidTest.controls.ImageSwitcherActivity
ADDED from src/main/AndroidManifest.xml:66:9-68
	android:name
		ADDED from src/main/AndroidManifest.xml:66:19-65
activity#com.androidTest.controls.ListViewActivity
ADDED from src/main/AndroidManifest.xml:67:9-63
	android:name
		ADDED from src/main/AndroidManifest.xml:67:19-60
activity#com.androidTest.controls.MenuActivity
ADDED from src/main/AndroidManifest.xml:68:9-59
	android:name
		ADDED from src/main/AndroidManifest.xml:68:19-56
activity#com.androidTest.controls.ProgressBarActivity
ADDED from src/main/AndroidManifest.xml:69:9-66
	android:name
		ADDED from src/main/AndroidManifest.xml:69:19-63
activity#com.androidTest.controls.RatingBarActivity
ADDED from src/main/AndroidManifest.xml:70:9-64
	android:name
		ADDED from src/main/AndroidManifest.xml:70:19-61
activity#com.androidTest.controls.ScrollViewActivity
ADDED from src/main/AndroidManifest.xml:71:9-65
	android:name
		ADDED from src/main/AndroidManifest.xml:71:19-62
activity#com.androidTest.controls.SeekBarActivity
ADDED from src/main/AndroidManifest.xml:72:9-62
	android:name
		ADDED from src/main/AndroidManifest.xml:72:19-59
activity#com.androidTest.controls.SpinnerActivity
ADDED from src/main/AndroidManifest.xml:73:9-62
	android:name
		ADDED from src/main/AndroidManifest.xml:73:19-59
activity#com.androidTest.controls.SurfaceViewActivity
ADDED from src/main/AndroidManifest.xml:74:9-66
	android:name
		ADDED from src/main/AndroidManifest.xml:74:19-63
activity#com.androidTest.controls.TabHostActivity
ADDED from src/main/AndroidManifest.xml:75:9-62
	android:name
		ADDED from src/main/AndroidManifest.xml:75:19-59
activity#com.androidTest.controls.TabHostHomeItemActivity
ADDED from src/main/AndroidManifest.xml:76:9-70
	android:name
		ADDED from src/main/AndroidManifest.xml:76:19-67
activity#com.androidTest.controls.TabHostNearItemActivity
ADDED from src/main/AndroidManifest.xml:77:9-70
	android:name
		ADDED from src/main/AndroidManifest.xml:77:19-67
activity#com.androidTest.controls.TabHostMineItemActivity
ADDED from src/main/AndroidManifest.xml:78:9-70
	android:name
		ADDED from src/main/AndroidManifest.xml:78:19-67
activity#com.androidTest.controls.TextViewActivity
ADDED from src/main/AndroidManifest.xml:79:9-63
	android:name
		ADDED from src/main/AndroidManifest.xml:79:19-60
activity#com.androidTest.controls.TimePickerActivity
ADDED from src/main/AndroidManifest.xml:80:9-65
	android:name
		ADDED from src/main/AndroidManifest.xml:80:19-62
activity#com.androidTest.controls.ToastTestActivity
ADDED from src/main/AndroidManifest.xml:81:9-64
	android:name
		ADDED from src/main/AndroidManifest.xml:81:19-61
activity#com.androidTest.controls.ViewPagerActivity
ADDED from src/main/AndroidManifest.xml:82:9-64
	android:name
		ADDED from src/main/AndroidManifest.xml:82:19-61
activity#com.androidTest.controls.ViewPagerNomalActivity
ADDED from src/main/AndroidManifest.xml:83:9-69
	android:name
		ADDED from src/main/AndroidManifest.xml:83:19-66
activity#com.androidTest.controls.ViewPagerGalleryActivity
ADDED from src/main/AndroidManifest.xml:84:9-71
	android:name
		ADDED from src/main/AndroidManifest.xml:84:19-68
activity#com.androidTest.controls.ViewPagerFragmentActivity
ADDED from src/main/AndroidManifest.xml:85:9-72
	android:name
		ADDED from src/main/AndroidManifest.xml:85:19-69
activity#com.androidTest.controls.OtherButtonsActivity
ADDED from src/main/AndroidManifest.xml:86:9-67
	android:name
		ADDED from src/main/AndroidManifest.xml:86:19-64
activity#com.androidTest.elements.ActivityHomeActivity
ADDED from src/main/AndroidManifest.xml:89:9-67
	android:name
		ADDED from src/main/AndroidManifest.xml:89:19-64
activity#com.androidTest.elements.ActivityLifeCycleActivity
ADDED from src/main/AndroidManifest.xml:90:9-72
	android:name
		ADDED from src/main/AndroidManifest.xml:90:19-69
activity#com.androidTest.elements.ActivityLaunchModelActivity
ADDED from src/main/AndroidManifest.xml:91:9-74
	android:name
		ADDED from src/main/AndroidManifest.xml:91:19-71
activity#com.androidTest.elements.ActivityStandardActivity
ADDED from src/main/AndroidManifest.xml:92:9-94:45
	android:launchMode
		ADDED from src/main/AndroidManifest.xml:94:13-42
	android:name
		ADDED from src/main/AndroidManifest.xml:93:13-62
activity#com.androidTest.elements.ActivitySingleTopActivity
ADDED from src/main/AndroidManifest.xml:95:9-97:46
	android:launchMode
		ADDED from src/main/AndroidManifest.xml:97:13-43
	android:name
		ADDED from src/main/AndroidManifest.xml:96:13-63
activity#com.androidTest.elements.ActivitySingleTaskActivity
ADDED from src/main/AndroidManifest.xml:98:9-100:47
	android:launchMode
		ADDED from src/main/AndroidManifest.xml:100:13-44
	android:name
		ADDED from src/main/AndroidManifest.xml:99:13-64
activity#com.androidTest.elements.ActivitySingleInstanceActivity
ADDED from src/main/AndroidManifest.xml:101:9-103:51
	android:launchMode
		ADDED from src/main/AndroidManifest.xml:103:13-48
	android:name
		ADDED from src/main/AndroidManifest.xml:102:13-68
activity#com.androidTest.elements.ActivityLaunchModelTestActivity
ADDED from src/main/AndroidManifest.xml:104:9-78
	android:name
		ADDED from src/main/AndroidManifest.xml:104:19-75
activity#com.androidTest.elements.ActivityTestPageActivity
ADDED from src/main/AndroidManifest.xml:105:9-107:58
	android:label
		ADDED from src/main/AndroidManifest.xml:107:13-55
	android:name
		ADDED from src/main/AndroidManifest.xml:106:13-62
activity#com.androidTest.elements.BroadcastActivity
ADDED from src/main/AndroidManifest.xml:108:9-64
	android:name
		ADDED from src/main/AndroidManifest.xml:108:19-61
activity#com.androidTest.elements.BroadcastReceiverActivity
ADDED from src/main/AndroidManifest.xml:109:9-72
	android:name
		ADDED from src/main/AndroidManifest.xml:109:19-69
activity#com.androidTest.elements.ContentProviderActivity
ADDED from src/main/AndroidManifest.xml:110:9-70
	android:name
		ADDED from src/main/AndroidManifest.xml:110:19-67
activity#com.androidTest.elements.ServiceActivity
ADDED from src/main/AndroidManifest.xml:111:9-62
	android:name
		ADDED from src/main/AndroidManifest.xml:111:19-59
activity#com.androidTest.elements.ServiceAidlActivity
ADDED from src/main/AndroidManifest.xml:112:9-66
	android:name
		ADDED from src/main/AndroidManifest.xml:112:19-63
receiver#com.androidTest.elements.BroadcastReceiverMonitor
ADDED from src/main/AndroidManifest.xml:114:9-148:20
	android:name
		ADDED from src/main/AndroidManifest.xml:114:19-68
intent-filter#action:name:android.intent.action.BOOT_COMPLETED+action:name:android.intent.action.LOCKED_BOOT_COMPLETED+action:name:android.intent.action.NEW_OUTGOING_CALL+action:name:android.intent.action.REBOOT+action:name:android.provider.Telephony.SMS_RECEIVED+action:name:com.custom.unorderBroadcast
ADDED from src/main/AndroidManifest.xml:115:13-127:29
action#android.intent.action.NEW_OUTGOING_CALL
ADDED from src/main/AndroidManifest.xml:118:17-82
	android:name
		ADDED from src/main/AndroidManifest.xml:118:25-79
action#android.provider.Telephony.SMS_RECEIVED
ADDED from src/main/AndroidManifest.xml:120:17-82
	android:name
		ADDED from src/main/AndroidManifest.xml:120:25-79
action#android.intent.action.BOOT_COMPLETED
ADDED from src/main/AndroidManifest.xml:122:17-79
	android:name
		ADDED from src/main/AndroidManifest.xml:122:25-76
action#android.intent.action.LOCKED_BOOT_COMPLETED
ADDED from src/main/AndroidManifest.xml:123:17-86
	android:name
		ADDED from src/main/AndroidManifest.xml:123:25-83
action#android.intent.action.REBOOT
ADDED from src/main/AndroidManifest.xml:124:17-71
	android:name
		ADDED from src/main/AndroidManifest.xml:124:25-68
action#com.custom.unorderBroadcast
ADDED from src/main/AndroidManifest.xml:126:17-70
	android:name
		ADDED from src/main/AndroidManifest.xml:126:25-67
intent-filter#action:name:android.intent.action.MEDIA_MOUNTED+action:name:android.intent.action.MEDIA_UNMOUNTED+data:scheme:file
ADDED from src/main/AndroidManifest.xml:128:13-137:29
action#android.intent.action.MEDIA_UNMOUNTED
ADDED from src/main/AndroidManifest.xml:131:17-80
	android:name
		ADDED from src/main/AndroidManifest.xml:131:25-77
action#android.intent.action.MEDIA_MOUNTED
ADDED from src/main/AndroidManifest.xml:133:17-78
	android:name
		ADDED from src/main/AndroidManifest.xml:133:25-75
data
ADDED from src/main/AndroidManifest.xml:136:17-47
	android:scheme
		ADDED from src/main/AndroidManifest.xml:136:23-44
	android:mimeType
		ADDED from src/main/AndroidManifest.xml:211:21-45
intent-filter#action:name:android.intent.action.PACKAGE_ADDED+action:name:android.intent.action.PACKAGE_REMOVED+data:scheme:package
ADDED from src/main/AndroidManifest.xml:138:13-147:29
action#android.intent.action.PACKAGE_ADDED
ADDED from src/main/AndroidManifest.xml:141:17-78
	android:name
		ADDED from src/main/AndroidManifest.xml:141:25-75
action#android.intent.action.PACKAGE_REMOVED
ADDED from src/main/AndroidManifest.xml:143:17-80
	android:name
		ADDED from src/main/AndroidManifest.xml:143:25-77
receiver#com.androidTest.elements.BroadcastReceiverOrder1
ADDED from src/main/AndroidManifest.xml:150:9-156:20
	android:name
		ADDED from src/main/AndroidManifest.xml:150:19-67
intent-filter#action:name:com.custom.orderBroadcast
ADDED from src/main/AndroidManifest.xml:153:13-155:29
	android:priority
		ADDED from src/main/AndroidManifest.xml:153:28-51
action#com.custom.orderBroadcast
ADDED from src/main/AndroidManifest.xml:154:17-68
	android:name
		ADDED from src/main/AndroidManifest.xml:154:25-65
receiver#com.androidTest.elements.BroadcastReceiverOrder2
ADDED from src/main/AndroidManifest.xml:157:9-161:20
	android:name
		ADDED from src/main/AndroidManifest.xml:157:19-67
receiver#com.androidTest.elements.BroadcastReceiverTest
ADDED from src/main/AndroidManifest.xml:163:9-68
	android:name
		ADDED from src/main/AndroidManifest.xml:163:19-65
service#com.androidTest.elements.ServiceTest
ADDED from src/main/AndroidManifest.xml:165:9-57
	android:name
		ADDED from src/main/AndroidManifest.xml:165:18-54
activity#com.androidTest.thirdlib.AndroidPullToRefreshActivity
ADDED from src/main/AndroidManifest.xml:168:9-75
	android:name
		ADDED from src/main/AndroidManifest.xml:168:19-72
activity#com.androidTest.thirdlib.SlidingmenuActivity
ADDED from src/main/AndroidManifest.xml:169:9-66
	android:name
		ADDED from src/main/AndroidManifest.xml:169:19-63
activity#com.androidTest.thirdlib.GlideActivity
ADDED from src/main/AndroidManifest.xml:170:9-60
	android:name
		ADDED from src/main/AndroidManifest.xml:170:19-57
activity#com.androidTest.other.SensorActivity
ADDED from src/main/AndroidManifest.xml:173:9-58
	android:name
		ADDED from src/main/AndroidManifest.xml:173:19-55
activity#com.androidTest.other.XmlResoveActivity
ADDED from src/main/AndroidManifest.xml:174:9-61
	android:name
		ADDED from src/main/AndroidManifest.xml:174:19-58
activity#com.androidTest.other.JsonResoveActivity
ADDED from src/main/AndroidManifest.xml:175:9-62
	android:name
		ADDED from src/main/AndroidManifest.xml:175:19-59
activity#com.androidTest.other.AssetsActivity
ADDED from src/main/AndroidManifest.xml:176:9-58
	android:name
		ADDED from src/main/AndroidManifest.xml:176:19-55
activity#com.androidTest.other.SharedPreferencesActivity
ADDED from src/main/AndroidManifest.xml:177:9-69
	android:name
		ADDED from src/main/AndroidManifest.xml:177:19-66
activity#com.androidTest.other.InsideSaveDataActivity
ADDED from src/main/AndroidManifest.xml:178:9-66
	android:name
		ADDED from src/main/AndroidManifest.xml:178:19-63
activity#com.androidTest.other.SdCardSaveDataActivity
ADDED from src/main/AndroidManifest.xml:179:9-66
	android:name
		ADDED from src/main/AndroidManifest.xml:179:19-63
activity#com.androidTest.other.SqliteActivity
ADDED from src/main/AndroidManifest.xml:180:9-58
	android:name
		ADDED from src/main/AndroidManifest.xml:180:19-55
activity#com.androidTest.other.AudioPlayActivity
ADDED from src/main/AndroidManifest.xml:181:9-61
	android:name
		ADDED from src/main/AndroidManifest.xml:181:19-58
activity#com.androidTest.other.VideoPlayActivity
ADDED from src/main/AndroidManifest.xml:182:9-61
	android:name
		ADDED from src/main/AndroidManifest.xml:182:19-58
activity#com.androidTest.other.RecordActivity
ADDED from src/main/AndroidManifest.xml:183:9-58
	android:name
		ADDED from src/main/AndroidManifest.xml:183:19-55
activity#com.androidTest.other.AnimationActivity
ADDED from src/main/AndroidManifest.xml:184:9-61
	android:name
		ADDED from src/main/AndroidManifest.xml:184:19-58
activity#com.androidTest.other.AnimationListView
ADDED from src/main/AndroidManifest.xml:185:9-61
	android:name
		ADDED from src/main/AndroidManifest.xml:185:19-58
activity#com.androidTest.other.MultiThreadActivity
ADDED from src/main/AndroidManifest.xml:186:9-63
	android:name
		ADDED from src/main/AndroidManifest.xml:186:19-60
activity#com.androidTest.other.HttpRequestActivity
ADDED from src/main/AndroidManifest.xml:187:9-63
	android:name
		ADDED from src/main/AndroidManifest.xml:187:19-60
activity#com.androidTest.other.SocketActivity
ADDED from src/main/AndroidManifest.xml:188:9-58
	android:name
		ADDED from src/main/AndroidManifest.xml:188:19-55
activity#com.androidTest.other.NotificationActivity
ADDED from src/main/AndroidManifest.xml:189:9-64
	android:name
		ADDED from src/main/AndroidManifest.xml:189:19-61
activity#com.androidTest.other.LinearLayout1Activity
ADDED from src/main/AndroidManifest.xml:190:9-65
	android:name
		ADDED from src/main/AndroidManifest.xml:190:19-62
activity#com.androidTest.other.LinearLayout2Activity
ADDED from src/main/AndroidManifest.xml:191:9-65
	android:name
		ADDED from src/main/AndroidManifest.xml:191:19-62
activity#com.androidTest.other.LinearLayout3Activity
ADDED from src/main/AndroidManifest.xml:192:9-65
	android:name
		ADDED from src/main/AndroidManifest.xml:192:19-62
activity#com.androidTest.other.RelativeLayoutActivity
ADDED from src/main/AndroidManifest.xml:193:9-66
	android:name
		ADDED from src/main/AndroidManifest.xml:193:19-63
activity#com.androidTest.other.FrameLayoutActivity
ADDED from src/main/AndroidManifest.xml:194:9-63
	android:name
		ADDED from src/main/AndroidManifest.xml:194:19-60
activity#com.androidTest.other.TableLayoutActivity
ADDED from src/main/AndroidManifest.xml:195:9-63
	android:name
		ADDED from src/main/AndroidManifest.xml:195:19-60
activity#com.androidTest.other.IntentActivity
ADDED from src/main/AndroidManifest.xml:196:9-58
	android:name
		ADDED from src/main/AndroidManifest.xml:196:19-55
activity#com.androidTest.other.AccessibilityActivity
ADDED from src/main/AndroidManifest.xml:197:9-65
	android:name
		ADDED from src/main/AndroidManifest.xml:197:19-62
activity#com.androidTest.other.AnimationFrameActivity
ADDED from src/main/AndroidManifest.xml:198:9-66
	android:name
		ADDED from src/main/AndroidManifest.xml:198:19-63
activity#com.androidTest.other.ImageHandleActivity
ADDED from src/main/AndroidManifest.xml:199:9-63
	android:name
		ADDED from src/main/AndroidManifest.xml:199:19-60
activity#com.androidTest.other.ImageCopyActivity
ADDED from src/main/AndroidManifest.xml:200:9-61
	android:name
		ADDED from src/main/AndroidManifest.xml:200:19-58
activity#com.androidTest.other.VideoPlayMediaActivity
ADDED from src/main/AndroidManifest.xml:201:9-66
	android:name
		ADDED from src/main/AndroidManifest.xml:201:19-63
activity#com.androidTest.other.VideoPlayVideoViewActivity
ADDED from src/main/AndroidManifest.xml:202:9-70
	android:name
		ADDED from src/main/AndroidManifest.xml:202:19-67
activity#com.androidTest.other.ImagePickActivity
ADDED from src/main/AndroidManifest.xml:203:9-60
	android:name
		ADDED from src/main/AndroidManifest.xml:203:19-58
activity#com.androidTest.other.Intent1Activity
ADDED from src/main/AndroidManifest.xml:204:9-214:20
	android:name
		ADDED from src/main/AndroidManifest.xml:204:19-56
intent-filter#action:name:helloworld.android.com.androidtest.MyIntent+category:name:android.intent.category.DEFAULT+data:mimeType:aa/bb+data:scheme:myintent
ADDED from src/main/AndroidManifest.xml:205:13-213:29
action#helloworld.android.com.androidtest.MyIntent
ADDED from src/main/AndroidManifest.xml:206:17-86
	android:name
		ADDED from src/main/AndroidManifest.xml:206:25-83
category#android.intent.category.DEFAULT
ADDED from src/main/AndroidManifest.xml:208:17-76
	android:name
		ADDED from src/main/AndroidManifest.xml:208:27-73
activity#com.androidTest.other.IntentCustomImageView
ADDED from src/main/AndroidManifest.xml:215:9-225:20
	android:name
		ADDED from src/main/AndroidManifest.xml:215:19-62
intent-filter#action:name:android.intent.action.VIEW+category:name:android.intent.category.DEFAULT+data:mimeType:image/*+data:scheme:file
ADDED from src/main/AndroidManifest.xml:216:13-224:29
action#android.intent.action.VIEW
ADDED from src/main/AndroidManifest.xml:217:17-69
	android:name
		ADDED from src/main/AndroidManifest.xml:217:25-66
activity#com.androidTest.Demos.MyClock.mainClockActivity
ADDED from src/main/AndroidManifest.xml:228:9-69
	android:name
		ADDED from src/main/AndroidManifest.xml:228:19-66
activity#com.androidTest.Demos.MyClock.AlarmReceiverActivity
ADDED from src/main/AndroidManifest.xml:229:9-73
	android:name
		ADDED from src/main/AndroidManifest.xml:229:19-70
activity#com.androidTest.Demos.SourceCodeViewer.SourceCodeMainActivity
ADDED from src/main/AndroidManifest.xml:230:9-83
	android:name
		ADDED from src/main/AndroidManifest.xml:230:19-80
activity#com.androidTest.Demos.NetWorkRequestDemos.MuiltThreadDownloadActivity
ADDED from src/main/AndroidManifest.xml:231:9-91
	android:name
		ADDED from src/main/AndroidManifest.xml:231:19-88
activity#com.androidTest.Demos.NetWorkRequestDemos.DownloadBreakpointActivity
ADDED from src/main/AndroidManifest.xml:232:9-90
	android:name
		ADDED from src/main/AndroidManifest.xml:232:19-87
activity#com.androidTest.Demos.SevicesDemos.PhoneRecordActivity
ADDED from src/main/AndroidManifest.xml:233:9-76
	android:name
		ADDED from src/main/AndroidManifest.xml:233:19-73
activity#com.androidTest.Demos.ContentProviderDemos.SMSBackUp
ADDED from src/main/AndroidManifest.xml:234:9-74
	android:name
		ADDED from src/main/AndroidManifest.xml:234:19-71
activity#com.androidTest.Demos.ContentProviderDemos.ContactReadActivity
ADDED from src/main/AndroidManifest.xml:235:9-84
	android:name
		ADDED from src/main/AndroidManifest.xml:235:19-81
activity#com.androidTest.Demos.ContentProviderDemos.SelectContactActivity
ADDED from src/main/AndroidManifest.xml:236:9-86
	android:name
		ADDED from src/main/AndroidManifest.xml:236:19-83
activity#com.androidTest.Demos.PaintDemos.DrawingBoardActivity
ADDED from src/main/AndroidManifest.xml:237:9-75
	android:name
		ADDED from src/main/AndroidManifest.xml:237:19-72
activity#com.androidTest.Demos.PaintDemos.RipClothesActivity
ADDED from src/main/AndroidManifest.xml:238:9-73
	android:name
		ADDED from src/main/AndroidManifest.xml:238:19-70
receiver#com.androidTest.Demos.MyClock.AlarmReceiver